1692746886879	geckodriver	INFO	Listening on 127.0.0.1:52167
1692746889961	mozrunner::runner	INFO	Running command: "C:\\Program Files\\Mozilla Firefox\\firefox.exe" "--marionette" "--remote-debugging-port" "52168" "--remote-allow-hosts" "localhost" "-no-remote" "-profile" "C:\\Users\\danny\\AppData\\Local\\Temp\\rust_mozprofileV9rW7s"
console.warn: services.settings: Ignoring preference override of remote settings server
console.warn: services.settings: Allow by setting MOZ_REMOTE_SETTINGS_DEVTOOLS=1 in the environment
1692746890277	Marionette	INFO	Marionette enabled
Dynamically enable window occlusion 0
1692746890349	Marionette	INFO	Listening on port 52175
WebDriver BiDi listening on ws://127.0.0.1:52168
Read port: 52175
1692746890566	RemoteAgent	WARN	TLS certificate errors will be ignored for this session
DevTools listening on ws://127.0.0.1:52168/devtools/browser/c6c99fe9-0f69-4bd7-8a21-b3a10e47f8a0
[Parent 2536, IPC I/O Parent] WARNING: DuplicateHandle failed for handle 0 in TransferHandles: file /builds/worker/checkouts/gecko/ipc/chromium/src/chrome/common/ipc_channel_win.cc:621
[GPU 1364, IPC I/O Child] WARNING: pipe error: 232: file /builds/worker/checkouts/gecko/ipc/chromium/src/chrome/common/ipc_channel_win.cc:443
console.warn: LoginRecipes: "Falling back to a synchronous message for: https://data.ers.usda.gov."
console.warn: LoginRecipes: "Falling back to a synchronous message for: https://data.ers.usda.gov."
console.warn: LoginRecipes: "Falling back to a synchronous message for: https://data.ers.usda.gov."
console.warn: LoginRecipes: "Falling back to a synchronous message for: https://data.ers.usda.gov."
console.warn: LoginRecipes: "Falling back to a synchronous message for: https://data.ers.usda.gov."
console.warn: LoginRecipes: "Falling back to a synchronous message for: https://data.ers.usda.gov."
console.warn: LoginRecipes: "Falling back to a synchronous message for: https://data.ers.usda.gov."
console.warn: LoginRecipes: "Falling back to a synchronous message for: https://data.ers.usda.gov."
console.warn: LoginRecipes: "Falling back to a synchronous message for: https://data.ers.usda.gov."
console.warn: LoginRecipes: "Falling back to a synchronous message for: https://data.ers.usda.gov."
console.warn: LoginRecipes: "Falling back to a synchronous message for: https://data.ers.usda.gov."
console.warn: LoginRecipes: "Falling back to a synchronous message for: https://data.ers.usda.gov."
console.warn: LoginRecipes: "Falling back to a synchronous message for: https://data.ers.usda.gov."
console.warn: LoginRecipes: "Falling back to a synchronous message for: https://data.ers.usda.gov."
console.warn: LoginRecipes: "Falling back to a synchronous message for: https://data.ers.usda.gov."
console.warn: LoginRecipes: "Falling back to a synchronous message for: https://data.ers.usda.gov."
console.warn: LoginRecipes: "Falling back to a synchronous message for: https://data.ers.usda.gov."
console.warn: LoginRecipes: "Falling back to a synchronous message for: https://data.ers.usda.gov."
console.warn: LoginRecipes: "Falling back to a synchronous message for: https://data.ers.usda.gov."
console.warn: LoginRecipes: "Falling back to a synchronous message for: https://data.ers.usda.gov."
console.warn: LoginRecipes: "Falling back to a synchronous message for: https://data.ers.usda.gov."
console.warn: LoginRecipes: "Falling back to a synchronous message for: https://data.ers.usda.gov."
console.warn: LoginRecipes: "Falling back to a synchronous message for: https://data.ers.usda.gov."
console.warn: LoginRecipes: "Falling back to a synchronous message for: https://data.ers.usda.gov."
console.warn: LoginRecipes: "Falling back to a synchronous message for: https://data.ers.usda.gov."
console.warn: LoginRecipes: "Falling back to a synchronous message for: https://data.ers.usda.gov."
console.warn: LoginRecipes: "Falling back to a synchronous message for: https://data.ers.usda.gov."
console.warn: LoginRecipes: "Falling back to a synchronous message for: https://data.ers.usda.gov."
console.warn: LoginRecipes: "Falling back to a synchronous message for: https://data.ers.usda.gov."
console.warn: LoginRecipes: "Falling back to a synchronous message for: https://data.ers.usda.gov."
console.warn: LoginRecipes: "Falling back to a synchronous message for: https://data.ers.usda.gov."
console.warn: LoginRecipes: "Falling back to a synchronous message for: https://data.ers.usda.gov."
console.warn: LoginRecipes: "Falling back to a synchronous message for: https://data.ers.usda.gov."
console.warn: LoginRecipes: "Falling back to a synchronous message for: https://data.ers.usda.gov."
console.warn: LoginRecipes: "Falling back to a synchronous message for: https://data.ers.usda.gov."
console.warn: LoginRecipes: "Falling back to a synchronous message for: https://data.ers.usda.gov."
console.warn: LoginRecipes: "Falling back to a synchronous message for: https://data.ers.usda.gov."
console.warn: LoginRecipes: "Falling back to a synchronous message for: https://data.ers.usda.gov."
console.warn: LoginRecipes: "Falling back to a synchronous message for: https://data.ers.usda.gov."
console.warn: LoginRecipes: "Falling back to a synchronous message for: https://data.ers.usda.gov."
console.warn: LoginRecipes: "Falling back to a synchronous message for: https://data.ers.usda.gov."
console.warn: LoginRecipes: "Falling back to a synchronous message for: https://data.ers.usda.gov."
console.warn: LoginRecipes: "Falling back to a synchronous message for: https://data.ers.usda.gov."
console.warn: LoginRecipes: "Falling back to a synchronous message for: https://data.ers.usda.gov."
console.warn: LoginRecipes: "Falling back to a synchronous message for: https://data.ers.usda.gov."
console.warn: LoginRecipes: "Falling back to a synchronous message for: https://data.ers.usda.gov."
console.warn: LoginRecipes: "Falling back to a synchronous message for: https://data.ers.usda.gov."
console.warn: LoginRecipes: "Falling back to a synchronous message for: https://data.ers.usda.gov."
console.warn: LoginRecipes: "Falling back to a synchronous message for: https://data.ers.usda.gov."
console.warn: LoginRecipes: "Falling back to a synchronous message for: https://data.ers.usda.gov."
console.warn: LoginRecipes: "Falling back to a synchronous message for: https://data.ers.usda.gov."
console.warn: LoginRecipes: "Falling back to a synchronous message for: https://data.ers.usda.gov."
console.warn: LoginRecipes: "Falling back to a synchronous message for: https://data.ers.usda.gov."
1692748087997	Marionette	INFO	Stopped listening on port 52175
Dynamically enable window occlusion 1
[Parent 2536, IPC I/O Parent] WARNING: DuplicateHandle failed for handle 0 in TransferHandles: file /builds/worker/checkouts/gecko/ipc/chromium/src/chrome/common/ipc_channel_win.cc:621
[GPU 1364, IPC I/O Child] WARNING: pipe error: 232: file /builds/worker/checkouts/gecko/ipc/chromium/src/chrome/common/ipc_channel_win.cc:443
[Parent 2536, IPC I/O Parent] WARNING: DuplicateHandle failed for handle 0 in TransferHandles: file /builds/worker/checkouts/gecko/ipc/chromium/src/chrome/common/ipc_channel_win.cc:621
[GPU 1364, IPC I/O Child] WARNING: pipe error: 232: file /builds/worker/checkouts/gecko/ipc/chromium/src/chrome/common/ipc_channel_win.cc:443
[Parent 2536, IPC I/O Parent] WARNING: DuplicateHandle failed for handle 0 in TransferHandles: file /builds/worker/checkouts/gecko/ipc/chromium/src/chrome/common/ipc_channel_win.cc:621
[GPU 1364, IPC I/O Child] WARNING: pipe error: 232: file /builds/worker/checkouts/gecko/ipc/chromium/src/chrome/common/ipc_channel_win.cc:443
[Parent 2536, IPC I/O Parent] WARNING: DuplicateHandle failed for handle 0 in TransferHandles: file /builds/worker/checkouts/gecko/ipc/chromium/src/chrome/common/ipc_channel_win.cc:621
[GPU 1364, IPC I/O Child] WARNING: pipe error: 232: file /builds/worker/checkouts/gecko/ipc/chromium/src/chrome/common/ipc_channel_win.cc:443
[Parent 2536, IPC I/O Parent] WARNING: DuplicateHandle failed for handle 0 in TransferHandles: file /builds/worker/checkouts/gecko/ipc/chromium/src/chrome/common/ipc_channel_win.cc:621
[GPU 1364, IPC I/O Child] WARNING: pipe error: 232: file /builds/worker/checkouts/gecko/ipc/chromium/src/chrome/common/ipc_channel_win.cc:443
